Build started 29-Nov-17 11:23:13 PM.
     1>Project "c:\Users\rukunujjaman miaji\documents\visual studio 2013\Projects\541\541\541.vcxproj" on node 2 (Build target(s)).
     1>ClCompile:
         C:\Program Files (x86)\Microsoft Visual Studio 12.0\VC\bin\CL.exe /c /ZI /nologo /W3 /WX- /sdl /Od /Oy- /D WIN32 /D _DEBUG /D _CONSOLE /D _LIB /D _UNICODE /D UNICODE /Gm /EHsc /RTC1 /MDd /GS /fp:precise /Zc:wchar_t /Zc:forScope /Fo"Debug\\" /Fd"Debug\vc120.pdb" /Gd /TP /analyze- /errorReport:prompt Source.cpp
         Source.cpp
     1>c:\users\rukunujjaman miaji\documents\visual studio 2013\projects\541\541\source.cpp(109): error C4700: uninitialized local variable 't' used
     1>Done Building Project "c:\Users\rukunujjaman miaji\documents\visual studio 2013\Projects\541\541\541.vcxproj" (Build target(s)) -- FAILED.

Build FAILED.

Time Elapsed 00:00:00.71
